<?xml version="1.0" encoding="UTF-8"?>
<!-- Generated by org.testng.reporters.JUnitXMLReporter -->
<testsuite hostname="pooja" ignored="0" name="Test" tests="4" failures="0" timestamp="06 Jan 2019 07:48:32 GMT" time="70.793" errors="0">
  <testcase name="GoogletitleTest" time="0.106" classname="com.mavenjenkins.MavenjenkinsProg"/>
  <testcase name="GoogleLogoTest" time="1.118" classname="com.mavenjenkins.MavenjenkinsProg"/>
  <testcase name="Test2" time="0.0" classname="com.mavenjenkins.MavenjenkinsProg"/>
  <testcase name="Test3" time="0.0" classname="com.mavenjenkins.MavenjenkinsProg"/>
</testsuite> <!-- Test -->
